<?xml version="1.0" encoding="UTF-8"?>
<!-- Generated by org.testng.reporters.JUnitReportReporter -->
<testsuite skipped="0" hostname="LAPTOP-LFLKGLKO" name="com.zomato.apitests.Tests" tests="3" failures="0" timestamp="04 Dec 2018 18:31:55 GMT" time="3.936" errors="0">
  <testcase name="verify_the_structure_for_the_list_of_names" time="0.455" classname="com.zomato.apitests.Tests"/>
  <testcase name="verify_status_for_category_api" time="2.699" classname="com.zomato.apitests.Tests"/>
  <testcase name="verify_the_contents_of_categories_api" time="0.782" classname="com.zomato.apitests.Tests"/>
</testsuite> <!-- com.zomato.apitests.Tests -->
